{"/home/tawfik/Documents/repos/Project2/ToDo_theAteam/skeleton/test.js":{"path":"/home/tawfik/Documents/repos/Project2/ToDo_theAteam/skeleton/test.js","s":{"1":1,"2":1,"3":1,"4":1,"5":1,"6":1,"7":1,"8":1,"9":1,"10":1,"11":1,"12":1,"13":1,"14":1,"15":1,"16":1,"17":1,"18":1,"19":1,"20":1,"21":1,"22":1},"b":{},"f":{"1":1,"2":1,"3":1},"fnMap":{"1":{"name":"(anonymous_1)","line":8,"loc":{"start":{"line":8,"column":35},"end":{"line":8,"column":46}}},"2":{"name":"(anonymous_2)","line":23,"loc":{"start":{"line":23,"column":34},"end":{"line":23,"column":46}}},"3":{"name":"(anonymous_3)","line":50,"loc":{"start":{"line":50,"column":36},"end":{"line":50,"column":48}}}},"statementMap":{"1":{"start":{"line":1,"column":0},"end":{"line":1,"column":27}},"2":{"start":{"line":2,"column":0},"end":{"line":2,"column":31}},"3":{"start":{"line":8,"column":0},"end":{"line":18,"column":3}},"4":{"start":{"line":10,"column":2},"end":{"line":10,"column":145}},"5":{"start":{"line":11,"column":2},"end":{"line":11,"column":205}},"6":{"start":{"line":12,"column":2},"end":{"line":12,"column":241}},"7":{"start":{"line":15,"column":2},"end":{"line":15,"column":79}},"8":{"start":{"line":17,"column":2},"end":{"line":17,"column":10}},"9":{"start":{"line":23,"column":0},"end":{"line":45,"column":3}},"10":{"start":{"line":24,"column":2},"end":{"line":24,"column":76}},"11":{"start":{"line":25,"column":2},"end":{"line":26,"column":34}},"12":{"start":{"line":27,"column":2},"end":{"line":31,"column":4}},"13":{"start":{"line":33,"column":2},"end":{"line":43,"column":4}},"14":{"start":{"line":44,"column":2},"end":{"line":44,"column":10}},"15":{"start":{"line":50,"column":0},"end":{"line":58,"column":3}},"16":{"start":{"line":51,"column":2},"end":{"line":51,"column":76}},"17":{"start":{"line":52,"column":2},"end":{"line":52,"column":40}},"18":{"start":{"line":53,"column":2},"end":{"line":53,"column":43}},"19":{"start":{"line":54,"column":2},"end":{"line":54,"column":45}},"20":{"start":{"line":55,"column":2},"end":{"line":55,"column":133}},"21":{"start":{"line":56,"column":2},"end":{"line":56,"column":91}},"22":{"start":{"line":57,"column":2},"end":{"line":57,"column":10}}},"branchMap":{}},"/home/tawfik/Documents/repos/Project2/ToDo_theAteam/skeleton/logic.js":{"path":"/home/tawfik/Documents/repos/Project2/ToDo_theAteam/skeleton/logic.js","s":{"1":1,"2":1,"3":1,"4":4,"5":1,"6":11,"7":15,"8":4,"9":4,"10":4,"11":4,"12":4,"13":5,"14":5,"15":10,"16":5,"17":2,"18":2,"19":2,"20":1,"21":2,"22":1,"23":1},"b":{"1":[1,1],"2":[1,0]},"f":{"1":1,"2":4,"3":11,"4":15,"5":4,"6":5,"7":10,"8":2,"9":2,"10":0},"fnMap":{"1":{"name":"(anonymous_1)","line":10,"loc":{"start":{"line":10,"column":15},"end":{"line":10,"column":26}}},"2":{"name":"incrementCounter","line":13,"loc":{"start":{"line":13,"column":4},"end":{"line":13,"column":32}}},"3":{"name":"(anonymous_3)","line":22,"loc":{"start":{"line":22,"column":23},"end":{"line":22,"column":39}}},"4":{"name":"(anonymous_4)","line":23,"loc":{"start":{"line":23,"column":21},"end":{"line":23,"column":36}}},"5":{"name":"(anonymous_5)","line":28,"loc":{"start":{"line":28,"column":11},"end":{"line":28,"column":36}}},"6":{"name":"(anonymous_6)","line":41,"loc":{"start":{"line":41,"column":14},"end":{"line":41,"column":42}}},"7":{"name":"(anonymous_7)","line":47,"loc":{"start":{"line":47,"column":21},"end":{"line":47,"column":35}}},"8":{"name":"(anonymous_8)","line":53,"loc":{"start":{"line":53,"column":12},"end":{"line":53,"column":38}}},"9":{"name":"(anonymous_9)","line":59,"loc":{"start":{"line":59,"column":16},"end":{"line":59,"column":30}}},"10":{"name":"(anonymous_10)","line":67,"loc":{"start":{"line":67,"column":13},"end":{"line":67,"column":43}}}},"statementMap":{"1":{"start":{"line":7,"column":0},"end":{"line":73,"column":2}},"2":{"start":{"line":11,"column":4},"end":{"line":11,"column":22}},"3":{"start":{"line":13,"column":4},"end":{"line":15,"column":5}},"4":{"start":{"line":14,"column":6},"end":{"line":14,"column":30}},"5":{"start":{"line":17,"column":4},"end":{"line":17,"column":28}},"6":{"start":{"line":23,"column":4},"end":{"line":25,"column":7}},"7":{"start":{"line":24,"column":6},"end":{"line":24,"column":46}},"8":{"start":{"line":35,"column":4},"end":{"line":35,"column":44}},"9":{"start":{"line":36,"column":4},"end":{"line":36,"column":25}},"10":{"start":{"line":37,"column":4},"end":{"line":37,"column":60}},"11":{"start":{"line":38,"column":4},"end":{"line":38,"column":48}},"12":{"start":{"line":39,"column":4},"end":{"line":39,"column":24}},"13":{"start":{"line":46,"column":4},"end":{"line":46,"column":55}},"14":{"start":{"line":47,"column":4},"end":{"line":49,"column":7}},"15":{"start":{"line":48,"column":6},"end":{"line":48,"column":34}},"16":{"start":{"line":51,"column":4},"end":{"line":51,"column":15}},"17":{"start":{"line":58,"column":4},"end":{"line":58,"column":55}},"18":{"start":{"line":59,"column":4},"end":{"line":64,"column":7}},"19":{"start":{"line":60,"column":6},"end":{"line":62,"column":7}},"20":{"start":{"line":61,"column":8},"end":{"line":61,"column":29}},"21":{"start":{"line":65,"column":4},"end":{"line":65,"column":15}},"22":{"start":{"line":79,"column":0},"end":{"line":81,"column":1}},"23":{"start":{"line":80,"column":2},"end":{"line":80,"column":33}}},"branchMap":{"1":{"line":60,"type":"if","locations":[{"start":{"line":60,"column":6},"end":{"line":60,"column":6}},{"start":{"line":60,"column":6},"end":{"line":60,"column":6}}]},"2":{"line":79,"type":"if","locations":[{"start":{"line":79,"column":0},"end":{"line":79,"column":0}},{"start":{"line":79,"column":0},"end":{"line":79,"column":0}}]}}}}