TN:
SF:/home/tawfik/Documents/repos/Project2/ToDo_theAteam/skeleton/test.js
FN:8,(anonymous_1)
FN:23,(anonymous_2)
FN:50,(anonymous_3)
FNF:3
FNH:3
FNDA:1,(anonymous_1)
FNDA:1,(anonymous_2)
FNDA:1,(anonymous_3)
DA:1,1
DA:2,1
DA:8,1
DA:10,1
DA:11,1
DA:12,1
DA:15,1
DA:17,1
DA:23,1
DA:24,1
DA:25,1
DA:27,1
DA:33,1
DA:44,1
DA:50,1
DA:51,1
DA:52,1
DA:53,1
DA:54,1
DA:55,1
DA:56,1
DA:57,1
LF:22
LH:22
BRF:0
BRH:0
end_of_record
TN:
SF:/home/tawfik/Documents/repos/Project2/ToDo_theAteam/skeleton/logic.js
FN:10,(anonymous_1)
FN:13,incrementCounter
FN:22,(anonymous_3)
FN:23,(anonymous_4)
FN:28,(anonymous_5)
FN:41,(anonymous_6)
FN:47,(anonymous_7)
FN:53,(anonymous_8)
FN:59,(anonymous_9)
FN:67,(anonymous_10)
FNF:10
FNH:9
FNDA:1,(anonymous_1)
FNDA:4,incrementCounter
FNDA:11,(anonymous_3)
FNDA:15,(anonymous_4)
FNDA:4,(anonymous_5)
FNDA:5,(anonymous_6)
FNDA:10,(anonymous_7)
FNDA:2,(anonymous_8)
FNDA:2,(anonymous_9)
FNDA:0,(anonymous_10)
DA:7,1
DA:11,1
DA:13,1
DA:14,4
DA:17,1
DA:23,11
DA:24,15
DA:35,4
DA:36,4
DA:37,4
DA:38,4
DA:39,4
DA:46,5
DA:47,5
DA:48,10
DA:51,5
DA:58,2
DA:59,2
DA:60,2
DA:61,1
DA:65,2
DA:79,1
DA:80,1
LF:23
LH:23
BRDA:60,1,0,1
BRDA:60,1,1,1
BRDA:79,2,0,1
BRDA:79,2,1,0
BRF:4
BRH:3
end_of_record
